<?xml version="1.0" encoding="UTF-8"?>
<!-- Generated by org.testng.reporters.JUnitReportReporter -->
<testsuite hostname="NIRMAL-RAWAT" failures="0" tests="1" name="Kane.SeleniumJavaFramework.tests.StandAloneTest" time="7.906" errors="0" timestamp="2024-11-07T09:54:57 IST" skipped="0">
  <testcase classname="Kane.SeleniumJavaFramework.tests.StandAloneTest" name="endToendTest" time="7.906"/>
</testsuite> <!-- Kane.SeleniumJavaFramework.tests.StandAloneTest -->
