<?xml version="1.0" encoding="UTF-8"?>
<!-- Generated by org.testng.reporters.JUnitReportReporter -->
<testsuite hostname="NIRMAL-RAWAT" failures="0" tests="2" name="Kane.SeleniumJavaFramework.tests.ErrorValidations" time="7.497" errors="0" timestamp="2024-11-07T09:54:57 IST" skipped="0">
  <testcase classname="Kane.SeleniumJavaFramework.tests.ErrorValidations" name="invalidEmailValidation" time="2.511"/>
  <testcase classname="Kane.SeleniumJavaFramework.tests.ErrorValidations" name="incorrectEmailPasswordErrorValidation" time="4.986"/>
</testsuite> <!-- Kane.SeleniumJavaFramework.tests.ErrorValidations -->
