<?xml version="1.0" encoding="UTF-8"?>
<!-- Generated by org.testng.reporters.JUnitReportReporter -->
<testsuite hostname="NIRMAL-RAWAT" failures="0" tests="2" name="Kane.SeleniumJavaFramework.tests.ErrorValidationsTest" time="8.936" errors="0" timestamp="2024-11-08T12:13:45 IST" skipped="0">
  <testcase classname="Kane.SeleniumJavaFramework.tests.ErrorValidationsTest" name="invalidEmailValidation" time="4.569"/>
  <testcase classname="Kane.SeleniumJavaFramework.tests.ErrorValidationsTest" name="incorrectEmailPasswordErrorValidation" time="4.367"/>
</testsuite> <!-- Kane.SeleniumJavaFramework.tests.ErrorValidationsTest -->
