<?xml version="1.0" encoding="UTF-8"?>
<!-- Generated by org.testng.reporters.JUnitReportReporter -->
<testsuite hostname="NIRMAL-RAWAT" failures="0" tests="5" name="Kane.SeleniumJavaFramework.tests.SubmitOrderTest" time="40.162" errors="0" timestamp="2024-11-08T11:43:36 IST" skipped="1">
  <testcase classname="Kane.SeleniumJavaFramework.tests.SubmitOrderTest" name="endToendTest" time="11.241"/>
  <testcase classname="Kane.SeleniumJavaFramework.tests.SubmitOrderTest" name="endToendTest" time="12.803"/>
  <testcase classname="Kane.SeleniumJavaFramework.tests.SubmitOrderTest" name="endToendTest" time="8.011"/>
  <testcase classname="Kane.SeleniumJavaFramework.tests.SubmitOrderTest" name="endToendTest" time="8.107"/>
  <testcase classname="Kane.SeleniumJavaFramework.tests.SubmitOrderTest" name="orderHistory">
    <skipped/>
  </testcase> <!-- orderHistory -->
</testsuite> <!-- Kane.SeleniumJavaFramework.tests.SubmitOrderTest -->
